0 info it worked if it ends with ok
1 verbose cli [ '/Users/aparhomenko/.nvm/v0.10.30/bin/node',
1 verbose cli   '/Users/aparhomenko/.nvm/v0.10.30/bin/npm',
1 verbose cli   'run',
1 verbose cli   'watch' ]
2 info using npm@1.4.21
3 info using node@v0.10.30
4 verbose run-script [ 'prewatch', 'watch', 'postwatch' ]
5 info prewatch fe-helper-pack@0.0.0
6 info watch fe-helper-pack@0.0.0
7 verbose unsafe-perm in lifecycle true
8 info fe-helper-pack@0.0.0 Failed to exec watch script
9 error fe-helper-pack@0.0.0 watch: `gulp`
9 error Exit status 8
10 error Failed at the fe-helper-pack@0.0.0 watch script.
10 error This is most likely a problem with the fe-helper-pack package,
10 error not with npm itself.
10 error Tell the author that this fails on your system:
10 error     gulp
10 error You can get their info via:
10 error     npm owner ls fe-helper-pack
10 error There is likely additional logging output above.
11 error System Darwin 14.1.0
12 error command "/Users/aparhomenko/.nvm/v0.10.30/bin/node" "/Users/aparhomenko/.nvm/v0.10.30/bin/npm" "run" "watch"
13 error cwd /Users/aparhomenko/development/hackathon/fe-helper-pack
14 error node -v v0.10.30
15 error npm -v 1.4.21
16 error code ELIFECYCLE
17 verbose exit [ 1, true ]
